<?xml version="1.0" encoding="UTF-8"?>
<!-- Generated by org.testng.reporters.JUnitReportReporter -->
<testsuite hostname="DESKTOP-2DMERD3" failures="0" tests="6" name="testCases.TC003_LoginDDT" time="53.071" errors="0" timestamp="2024-08-14T16:35:27 IST" skipped="0">
  <testcase classname="testCases.TC003_LoginDDT" name="verify_loginDDT" time="4.811"/>
  <testcase classname="testCases.TC003_LoginDDT" name="verify_loginDDT" time="14.220"/>
  <testcase classname="testCases.TC003_LoginDDT" name="verify_loginDDT" time="6.726"/>
  <testcase classname="testCases.TC003_LoginDDT" name="verify_loginDDT" time="16.655"/>
  <testcase classname="testCases.TC003_LoginDDT" name="verify_loginDDT" time="5.235"/>
  <testcase classname="testCases.TC003_LoginDDT" name="verify_loginDDT" time="5.424"/>
</testsuite> <!-- testCases.TC003_LoginDDT -->
